<?xml version="1.0" encoding="UTF-8"?>
<!-- Generated by org.testng.reporters.JUnitReportReporter -->
<testsuite hostname="DESKTOP-NEQ251A" failures="0" tests="1" name="com.SeleniumProject.LoginTestCase" time="1.698" errors="0" timestamp="31 Oct 2020 03:40:13 GMT" skipped="0">
  <testcase classname="com.SeleniumProject.LoginTestCase" name="verifySeleniumTest" time="1.698"/>
</testsuite> <!-- com.SeleniumProject.LoginTestCase -->
